0 info it worked if it ends with ok
1 verbose cli [ 'nodejs', '/usr/bin/npm', 'install', 'fs', '--save' ]
2 info using npm@1.1.39
3 info using node@v0.8.2
4 verbose config file /home/tchan/.npmrc
5 verbose config file /usr/etc/npmrc
6 verbose config file /usr/lib/nodejs/npm/npmrc
7 verbose read json /home/tchan/package.json
8 verbose read json /home/tchan/node_modules/ejs/package.json
9 verbose read json /home/tchan/node_modules/phantom/package.json
10 verbose read json /home/tchan/node_modules/node.io/package.json
11 verbose read json /home/tchan/node_modules/jade/package.json
12 verbose read json /home/tchan/node_modules/zombie/package.json
13 verbose read json /home/tchan/node_modules/mongodb/package.json
14 verbose read json /home/tchan/node_modules/amqp/package.json
15 verbose read json /home/tchan/node_modules/express/package.json
16 verbose read json /home/tchan/node_modules/mailer/package.json
17 verbose read json /home/tchan/node_modules/sanitizer/package.json
18 warn package.json mongodb@1.0.2 No README.md file found!
19 warn package.json jade@0.26.3 No README.md file found!
20 verbose read json /home/tchan/package.json
21 verbose cache add [ 'fs', null ]
22 silly cache add name=undefined spec="fs" args=["fs",null]
23 verbose parsed url { pathname: 'fs', path: 'fs', href: 'fs' }
24 silly lockFile 3f4bb586-fs fs
25 verbose lock fs /home/tchan/.npm/3f4bb586-fs.lock
26 silly lockFile 3f4bb586-fs fs
27 verbose addNamed [ 'fs', '' ]
28 verbose addNamed [ null, '' ]
29 silly lockFile a107b96b-fs fs@
30 verbose lock fs@ /home/tchan/.npm/a107b96b-fs.lock
31 silly addNameRange { name: 'fs', range: '', hasData: false }
32 verbose url raw fs
33 verbose url resolving [ 'https://registry.npmjs.org/', './fs' ]
34 verbose url resolved https://registry.npmjs.org/fs
35 info retry registry request attempt 1 at 21:22:33
36 http GET https://registry.npmjs.org/fs
37 http 404 https://registry.npmjs.org/fs
38 silly registry.get cb [ 404,
38 silly registry.get   { server: 'CouchDB/1.2.0 (Erlang OTP/R15B)',
38 silly registry.get     date: 'Wed, 18 Jul 2012 04:22:34 GMT',
38 silly registry.get     'content-type': 'application/json',
38 silly registry.get     'content-length': '52',
38 silly registry.get     'cache-control': 'must-revalidate' } ]
39 silly lockFile a107b96b-fs fs@
40 error 404 'fs' is not in the npm registry.
40 error 404 You should bug the author to publish it
40 error 404
40 error 404 Note that you can also install from a
40 error 404 tarball, folder, or http url, or git url.
41 error System Linux 3.2.0-27-generic
42 error command "nodejs" "/usr/bin/npm" "install" "fs" "--save"
43 error cwd /home/tchan/repo/afbirthday
44 error node -v v0.8.2
45 error npm -v 1.1.39
46 error code E404
47 error message 404 Not Found: fs
48 verbose exit [ 1, true ]
